2025-08-19 11:27:14,697 INFO Run start: source=weather city=Medianeira base=BRL quote=USD days=3
2025-08-20 15:27:15,168 INFO Run start: source=weather city=Medianeira base=BRL quote=USD days=3
2025-08-20 15:27:17,405 INFO Using categorical units to plot a list of strings that are all parsable as floats or dates. If these strings should be plotted as numbers, cast to the appropriate data type before plotting.
2025-08-20 15:27:17,405 INFO Using categorical units to plot a list of strings that are all parsable as floats or dates. If these strings should be plotted as numbers, cast to the appropriate data type before plotting.
2025-08-22 13:05:07,815 INFO Run start: source=weather city=Medianeira base=BRL quote=USD days=3
2025-08-22 13:05:10,470 INFO Using categorical units to plot a list of strings that are all parsable as floats or dates. If these strings should be plotted as numbers, cast to the appropriate data type before plotting.
2025-08-22 13:05:10,471 INFO Using categorical units to plot a list of strings that are all parsable as floats or dates. If these strings should be plotted as numbers, cast to the appropriate data type before plotting.
2025-08-25 13:54:00,962 INFO Run start: source=weather city=Medianeira base=BRL quote=USD days=3
2025-08-25 13:54:03,416 INFO Using categorical units to plot a list of strings that are all parsable as floats or dates. If these strings should be plotted as numbers, cast to the appropriate data type before plotting.
2025-08-25 13:54:03,417 INFO Using categorical units to plot a list of strings that are all parsable as floats or dates. If these strings should be plotted as numbers, cast to the appropriate data type before plotting.
2025-08-26 19:37:18,880 INFO Run start: source=weather city=Medianeira base=BRL quote=USD days=3
2025-08-26 19:37:21,034 INFO Using categorical units to plot a list of strings that are all parsable as floats or dates. If these strings should be plotted as numbers, cast to the appropriate data type before plotting.
2025-08-26 19:37:21,034 INFO Using categorical units to plot a list of strings that are all parsable as floats or dates. If these strings should be plotted as numbers, cast to the appropriate data type before plotting.
2025-08-27 13:12:09,583 INFO Run start: source=weather city=Medianeira base=BRL quote=USD days=3
2025-08-27 13:12:12,260 INFO Using categorical units to plot a list of strings that are all parsable as floats or dates. If these strings should be plotted as numbers, cast to the appropriate data type before plotting.
2025-08-27 13:12:12,261 INFO Using categorical units to plot a list of strings that are all parsable as floats or dates. If these strings should be plotted as numbers, cast to the appropriate data type before plotting.
2025-08-28 19:36:39,355 INFO Run start: src=weather city=Medianeira base=BRL quote=USD days=3
2025-08-28 19:36:41,416 INFO Using categorical units to plot a list of strings that are all parsable as floats or dates. If these strings should be plotted as numbers, cast to the appropriate data type before plotting.
2025-08-28 19:36:41,416 INFO Using categorical units to plot a list of strings that are all parsable as floats or dates. If these strings should be plotted as numbers, cast to the appropriate data type before plotting.
2025-08-28 19:38:15,399 INFO Run start: src=fx city=São Paulo base=BRL quote=USD days=7
2025-08-28 19:38:32,386 INFO Run start: src=aqi city=Medianeira base=BRL quote=USD days=3
2025-08-29 13:06:49,533 INFO Run start: src=weather city=Medianeira base=BRL quote=USD days=3
2025-08-29 13:06:52,189 INFO Using categorical units to plot a list of strings that are all parsable as floats or dates. If these strings should be plotted as numbers, cast to the appropriate data type before plotting.
2025-08-29 13:06:52,190 INFO Using categorical units to plot a list of strings that are all parsable as floats or dates. If these strings should be plotted as numbers, cast to the appropriate data type before plotting.
2025-08-29 13:07:03,608 INFO Run start: src=fx city=São Paulo base=BRL quote=USD days=7
2025-08-29 13:07:27,610 INFO Run start: src=aqi city=Medianeira base=BRL quote=USD days=3
2025-08-31 14:21:40,392 INFO Run start: src=aqi city=Medianeira base=BRL quote=USD days=3
2025-08-31 14:21:45,565 INFO Run start: src=weather city=Medianeira base=BRL quote=USD days=3
2025-08-31 14:21:47,611 INFO Using categorical units to plot a list of strings that are all parsable as floats or dates. If these strings should be plotted as numbers, cast to the appropriate data type before plotting.
2025-08-31 14:21:47,612 INFO Using categorical units to plot a list of strings that are all parsable as floats or dates. If these strings should be plotted as numbers, cast to the appropriate data type before plotting.
2025-09-01 14:51:53,905 INFO Run start: src=weather city=Medianeira base=BRL quote=USD days=3
2025-09-01 14:51:56,117 INFO Using categorical units to plot a list of strings that are all parsable as floats or dates. If these strings should be plotted as numbers, cast to the appropriate data type before plotting.
2025-09-01 14:51:56,118 INFO Using categorical units to plot a list of strings that are all parsable as floats or dates. If these strings should be plotted as numbers, cast to the appropriate data type before plotting.
2025-09-03 22:23:06,439 INFO Run start: src=weather city=Medianeira base=BRL quote=USD days=3
2025-09-03 22:23:08,431 INFO Using categorical units to plot a list of strings that are all parsable as floats or dates. If these strings should be plotted as numbers, cast to the appropriate data type before plotting.
2025-09-03 22:23:08,431 INFO Using categorical units to plot a list of strings that are all parsable as floats or dates. If these strings should be plotted as numbers, cast to the appropriate data type before plotting.
2025-09-04 22:36:09,840 INFO Run start: src=weather city=Medianeira base=BRL quote=USD days=3
2025-09-04 22:36:11,806 INFO Using categorical units to plot a list of strings that are all parsable as floats or dates. If these strings should be plotted as numbers, cast to the appropriate data type before plotting.
2025-09-04 22:36:11,807 INFO Using categorical units to plot a list of strings that are all parsable as floats or dates. If these strings should be plotted as numbers, cast to the appropriate data type before plotting.
2025-09-05 13:11:26,001 INFO Run start: src=weather city=Medianeira base=BRL quote=USD days=3
2025-09-05 13:11:30,236 INFO Using categorical units to plot a list of strings that are all parsable as floats or dates. If these strings should be plotted as numbers, cast to the appropriate data type before plotting.
2025-09-05 13:11:30,236 INFO Using categorical units to plot a list of strings that are all parsable as floats or dates. If these strings should be plotted as numbers, cast to the appropriate data type before plotting.
2025-09-05 13:13:32,274 INFO Run start: src=fx city=São Paulo base=BRL quote=USD days=7
2025-09-05 13:14:53,420 INFO Run start: src=aqi city=São Paulo base=BRL quote=USD days=3
2025-09-05 13:26:50,289 INFO Run start: src=fx city=São Paulo base=BRL quote=USD days=7
2025-09-05 13:26:51,357 INFO Using categorical units to plot a list of strings that are all parsable as floats or dates. If these strings should be plotted as numbers, cast to the appropriate data type before plotting.
2025-09-05 13:26:51,357 INFO Using categorical units to plot a list of strings that are all parsable as floats or dates. If these strings should be plotted as numbers, cast to the appropriate data type before plotting.
2025-09-05 13:29:56,208 INFO Run start: src=aqi city=São Paulo base=BRL quote=USD days=3
2025-09-05 13:29:59,614 INFO Using categorical units to plot a list of strings that are all parsable as floats or dates. If these strings should be plotted as numbers, cast to the appropriate data type before plotting.
2025-09-05 13:29:59,615 INFO Using categorical units to plot a list of strings that are all parsable as floats or dates. If these strings should be plotted as numbers, cast to the appropriate data type before plotting.
2025-09-06 14:11:56,765 INFO Run start: src=weather city=Medianeira base=BRL quote=USD days=3
2025-09-06 14:11:58,782 INFO Using categorical units to plot a list of strings that are all parsable as floats or dates. If these strings should be plotted as numbers, cast to the appropriate data type before plotting.
2025-09-06 14:11:58,782 INFO Using categorical units to plot a list of strings that are all parsable as floats or dates. If these strings should be plotted as numbers, cast to the appropriate data type before plotting.
2025-09-06 14:12:08,581 INFO Run start: src=fx city=São Paulo base=BRL quote=USD days=7
2025-09-06 14:12:09,560 INFO Using categorical units to plot a list of strings that are all parsable as floats or dates. If these strings should be plotted as numbers, cast to the appropriate data type before plotting.
2025-09-06 14:12:09,560 INFO Using categorical units to plot a list of strings that are all parsable as floats or dates. If these strings should be plotted as numbers, cast to the appropriate data type before plotting.
2025-09-06 14:12:21,053 INFO Run start: src=aqi city=Medianeira base=BRL quote=USD days=3
2025-09-06 14:12:22,773 INFO Using categorical units to plot a list of strings that are all parsable as floats or dates. If these strings should be plotted as numbers, cast to the appropriate data type before plotting.
2025-09-06 14:12:22,774 INFO Using categorical units to plot a list of strings that are all parsable as floats or dates. If these strings should be plotted as numbers, cast to the appropriate data type before plotting.
2025-09-08 17:01:03,598 INFO Run start: src=weather city=Medianeira base=BRL quote=USD days=3
2025-09-08 17:01:05,773 INFO Using categorical units to plot a list of strings that are all parsable as floats or dates. If these strings should be plotted as numbers, cast to the appropriate data type before plotting.
2025-09-08 17:01:05,773 INFO Using categorical units to plot a list of strings that are all parsable as floats or dates. If these strings should be plotted as numbers, cast to the appropriate data type before plotting.
2025-09-08 17:01:29,599 INFO Run start: src=fx city=São Paulo base=BRL quote=USD days=7
2025-09-08 17:01:30,517 INFO Using categorical units to plot a list of strings that are all parsable as floats or dates. If these strings should be plotted as numbers, cast to the appropriate data type before plotting.
2025-09-08 17:01:30,518 INFO Using categorical units to plot a list of strings that are all parsable as floats or dates. If these strings should be plotted as numbers, cast to the appropriate data type before plotting.
2025-09-08 17:01:39,090 INFO Run start: src=aqi city=Medianeira base=BRL quote=USD days=3
2025-09-08 17:01:40,825 INFO Using categorical units to plot a list of strings that are all parsable as floats or dates. If these strings should be plotted as numbers, cast to the appropriate data type before plotting.
2025-09-08 17:01:40,825 INFO Using categorical units to plot a list of strings that are all parsable as floats or dates. If these strings should be plotted as numbers, cast to the appropriate data type before plotting.
2025-09-09 19:12:43,611 INFO Run start: src=weather city=Medianeira base=BRL quote=USD days=3
2025-09-09 19:12:45,566 INFO Using categorical units to plot a list of strings that are all parsable as floats or dates. If these strings should be plotted as numbers, cast to the appropriate data type before plotting.
2025-09-09 19:12:45,566 INFO Using categorical units to plot a list of strings that are all parsable as floats or dates. If these strings should be plotted as numbers, cast to the appropriate data type before plotting.
2025-09-09 19:12:50,582 INFO Run start: src=fx city=São Paulo base=BRL quote=USD days=7
2025-09-09 19:12:51,485 INFO Using categorical units to plot a list of strings that are all parsable as floats or dates. If these strings should be plotted as numbers, cast to the appropriate data type before plotting.
2025-09-09 19:12:51,486 INFO Using categorical units to plot a list of strings that are all parsable as floats or dates. If these strings should be plotted as numbers, cast to the appropriate data type before plotting.
2025-09-09 19:12:55,161 INFO Run start: src=aqi city=Medianeira base=BRL quote=USD days=3
2025-09-09 19:12:57,113 INFO Using categorical units to plot a list of strings that are all parsable as floats or dates. If these strings should be plotted as numbers, cast to the appropriate data type before plotting.
2025-09-09 19:12:57,114 INFO Using categorical units to plot a list of strings that are all parsable as floats or dates. If these strings should be plotted as numbers, cast to the appropriate data type before plotting.
2025-09-10 13:28:52,906 INFO Run start: src=weather city=Medianeira base=BRL quote=USD days=3
2025-09-10 13:28:55,737 INFO Using categorical units to plot a list of strings that are all parsable as floats or dates. If these strings should be plotted as numbers, cast to the appropriate data type before plotting.
2025-09-10 13:28:55,738 INFO Using categorical units to plot a list of strings that are all parsable as floats or dates. If these strings should be plotted as numbers, cast to the appropriate data type before plotting.
2025-09-10 13:28:58,645 INFO Run start: src=fx city=São Paulo base=BRL quote=USD days=7
2025-09-10 13:28:59,856 INFO Using categorical units to plot a list of strings that are all parsable as floats or dates. If these strings should be plotted as numbers, cast to the appropriate data type before plotting.
2025-09-10 13:28:59,857 INFO Using categorical units to plot a list of strings that are all parsable as floats or dates. If these strings should be plotted as numbers, cast to the appropriate data type before plotting.
2025-09-10 13:29:02,064 INFO Run start: src=aqi city=Medianeira base=BRL quote=USD days=3
2025-09-10 13:29:04,707 INFO Using categorical units to plot a list of strings that are all parsable as floats or dates. If these strings should be plotted as numbers, cast to the appropriate data type before plotting.
2025-09-10 13:29:04,707 INFO Using categorical units to plot a list of strings that are all parsable as floats or dates. If these strings should be plotted as numbers, cast to the appropriate data type before plotting.
2025-09-11 11:07:47,217 INFO Run start: src=weather city=Medianeira base=BRL quote=USD days=3
2025-09-11 11:07:49,157 INFO Using categorical units to plot a list of strings that are all parsable as floats or dates. If these strings should be plotted as numbers, cast to the appropriate data type before plotting.
2025-09-11 11:07:49,158 INFO Using categorical units to plot a list of strings that are all parsable as floats or dates. If these strings should be plotted as numbers, cast to the appropriate data type before plotting.
2025-09-11 11:07:52,713 INFO Run start: src=fx city=São Paulo base=BRL quote=USD days=7
2025-09-11 11:07:53,625 INFO Using categorical units to plot a list of strings that are all parsable as floats or dates. If these strings should be plotted as numbers, cast to the appropriate data type before plotting.
2025-09-11 11:07:53,626 INFO Using categorical units to plot a list of strings that are all parsable as floats or dates. If these strings should be plotted as numbers, cast to the appropriate data type before plotting.
2025-09-11 11:07:56,409 INFO Run start: src=aqi city=Medianeira base=BRL quote=USD days=3
2025-09-11 11:07:58,137 INFO Using categorical units to plot a list of strings that are all parsable as floats or dates. If these strings should be plotted as numbers, cast to the appropriate data type before plotting.
2025-09-11 11:07:58,137 INFO Using categorical units to plot a list of strings that are all parsable as floats or dates. If these strings should be plotted as numbers, cast to the appropriate data type before plotting.
2025-09-12 15:00:05,402 INFO Run start: src=weather city=Medianeira base=BRL quote=USD days=3
2025-09-12 15:00:07,900 INFO Using categorical units to plot a list of strings that are all parsable as floats or dates. If these strings should be plotted as numbers, cast to the appropriate data type before plotting.
2025-09-12 15:00:07,900 INFO Using categorical units to plot a list of strings that are all parsable as floats or dates. If these strings should be plotted as numbers, cast to the appropriate data type before plotting.
2025-09-12 15:00:12,133 INFO Run start: src=fx city=São Paulo base=BRL quote=USD days=7
2025-09-12 15:00:13,546 INFO Using categorical units to plot a list of strings that are all parsable as floats or dates. If these strings should be plotted as numbers, cast to the appropriate data type before plotting.
2025-09-12 15:00:13,547 INFO Using categorical units to plot a list of strings that are all parsable as floats or dates. If these strings should be plotted as numbers, cast to the appropriate data type before plotting.
2025-09-12 15:00:16,836 INFO Run start: src=aqi city=Medianeira base=BRL quote=USD days=3
2025-09-12 15:00:19,271 INFO Using categorical units to plot a list of strings that are all parsable as floats or dates. If these strings should be plotted as numbers, cast to the appropriate data type before plotting.
2025-09-12 15:00:19,271 INFO Using categorical units to plot a list of strings that are all parsable as floats or dates. If these strings should be plotted as numbers, cast to the appropriate data type before plotting.
2025-09-15 13:53:42,067 INFO Run start: src=weather city=Medianeira base=BRL quote=USD days=3
2025-09-15 13:53:44,552 INFO Using categorical units to plot a list of strings that are all parsable as floats or dates. If these strings should be plotted as numbers, cast to the appropriate data type before plotting.
2025-09-15 13:53:44,553 INFO Using categorical units to plot a list of strings that are all parsable as floats or dates. If these strings should be plotted as numbers, cast to the appropriate data type before plotting.
2025-09-15 13:53:46,640 INFO Run start: src=fx city=São Paulo base=BRL quote=USD days=7
2025-09-15 13:53:47,704 INFO Using categorical units to plot a list of strings that are all parsable as floats or dates. If these strings should be plotted as numbers, cast to the appropriate data type before plotting.
2025-09-15 13:53:47,705 INFO Using categorical units to plot a list of strings that are all parsable as floats or dates. If these strings should be plotted as numbers, cast to the appropriate data type before plotting.
2025-09-15 13:53:51,059 INFO Run start: src=aqi city=Medianeira base=BRL quote=USD days=3
2025-09-15 13:53:53,351 INFO Using categorical units to plot a list of strings that are all parsable as floats or dates. If these strings should be plotted as numbers, cast to the appropriate data type before plotting.
2025-09-15 13:53:53,352 INFO Using categorical units to plot a list of strings that are all parsable as floats or dates. If these strings should be plotted as numbers, cast to the appropriate data type before plotting.
2025-09-17 13:34:36,795 INFO Run start: src=weather city=Medianeira base=BRL quote=USD days=3
2025-09-17 13:34:39,429 INFO Using categorical units to plot a list of strings that are all parsable as floats or dates. If these strings should be plotted as numbers, cast to the appropriate data type before plotting.
2025-09-17 13:34:39,429 INFO Using categorical units to plot a list of strings that are all parsable as floats or dates. If these strings should be plotted as numbers, cast to the appropriate data type before plotting.
2025-09-17 13:34:45,459 INFO Run start: src=fx city=São Paulo base=BRL quote=USD days=7
2025-09-17 13:34:46,445 INFO Using categorical units to plot a list of strings that are all parsable as floats or dates. If these strings should be plotted as numbers, cast to the appropriate data type before plotting.
2025-09-17 13:34:46,446 INFO Using categorical units to plot a list of strings that are all parsable as floats or dates. If these strings should be plotted as numbers, cast to the appropriate data type before plotting.
2025-09-17 13:34:48,783 INFO Run start: src=aqi city=Medianeira base=BRL quote=USD days=3
2025-09-17 13:34:51,044 INFO Using categorical units to plot a list of strings that are all parsable as floats or dates. If these strings should be plotted as numbers, cast to the appropriate data type before plotting.
2025-09-17 13:34:51,044 INFO Using categorical units to plot a list of strings that are all parsable as floats or dates. If these strings should be plotted as numbers, cast to the appropriate data type before plotting.
2025-09-18 17:14:36,617 INFO Run start: src=weather city=Medianeira base=BRL quote=USD days=3
2025-09-18 17:14:38,790 INFO Using categorical units to plot a list of strings that are all parsable as floats or dates. If these strings should be plotted as numbers, cast to the appropriate data type before plotting.
2025-09-18 17:14:38,790 INFO Using categorical units to plot a list of strings that are all parsable as floats or dates. If these strings should be plotted as numbers, cast to the appropriate data type before plotting.
2025-09-18 17:14:41,418 INFO Run start: src=fx city=São Paulo base=BRL quote=USD days=7
2025-09-18 17:14:42,286 INFO Using categorical units to plot a list of strings that are all parsable as floats or dates. If these strings should be plotted as numbers, cast to the appropriate data type before plotting.
2025-09-18 17:14:42,287 INFO Using categorical units to plot a list of strings that are all parsable as floats or dates. If these strings should be plotted as numbers, cast to the appropriate data type before plotting.
2025-09-18 17:14:45,004 INFO Run start: src=aqi city=Medianeira base=BRL quote=USD days=3
2025-09-18 17:14:46,805 INFO Using categorical units to plot a list of strings that are all parsable as floats or dates. If these strings should be plotted as numbers, cast to the appropriate data type before plotting.
2025-09-18 17:14:46,805 INFO Using categorical units to plot a list of strings that are all parsable as floats or dates. If these strings should be plotted as numbers, cast to the appropriate data type before plotting.
2025-09-19 15:49:51,335 INFO Run start: src=weather city=Medianeira base=BRL quote=USD days=3
2025-09-19 15:49:54,189 INFO Using categorical units to plot a list of strings that are all parsable as floats or dates. If these strings should be plotted as numbers, cast to the appropriate data type before plotting.
2025-09-19 15:49:54,190 INFO Using categorical units to plot a list of strings that are all parsable as floats or dates. If these strings should be plotted as numbers, cast to the appropriate data type before plotting.
2025-09-19 15:50:01,692 INFO Run start: src=fx city=São Paulo base=BRL quote=USD days=7
2025-09-19 15:50:02,808 INFO Using categorical units to plot a list of strings that are all parsable as floats or dates. If these strings should be plotted as numbers, cast to the appropriate data type before plotting.
2025-09-19 15:50:02,808 INFO Using categorical units to plot a list of strings that are all parsable as floats or dates. If these strings should be plotted as numbers, cast to the appropriate data type before plotting.
2025-09-19 15:50:21,155 INFO Run start: src=aqi city=Medianeira base=BRL quote=USD days=3
2025-09-19 15:50:23,244 INFO Using categorical units to plot a list of strings that are all parsable as floats or dates. If these strings should be plotted as numbers, cast to the appropriate data type before plotting.
2025-09-19 15:50:23,244 INFO Using categorical units to plot a list of strings that are all parsable as floats or dates. If these strings should be plotted as numbers, cast to the appropriate data type before plotting.
2025-09-20 14:26:14,427 INFO Run start: src=weather city=Medianeira base=BRL quote=USD days=3
2025-09-20 14:26:16,537 INFO Using categorical units to plot a list of strings that are all parsable as floats or dates. If these strings should be plotted as numbers, cast to the appropriate data type before plotting.
2025-09-20 14:26:16,538 INFO Using categorical units to plot a list of strings that are all parsable as floats or dates. If these strings should be plotted as numbers, cast to the appropriate data type before plotting.
2025-09-20 14:26:27,446 INFO Run start: src=fx city=São Paulo base=BRL quote=USD days=7
2025-09-20 14:26:28,474 INFO Using categorical units to plot a list of strings that are all parsable as floats or dates. If these strings should be plotted as numbers, cast to the appropriate data type before plotting.
2025-09-20 14:26:28,474 INFO Using categorical units to plot a list of strings that are all parsable as floats or dates. If these strings should be plotted as numbers, cast to the appropriate data type before plotting.
2025-09-20 14:26:32,879 INFO Run start: src=aqi city=Medianeira base=BRL quote=USD days=3
2025-09-20 14:26:34,661 INFO Using categorical units to plot a list of strings that are all parsable as floats or dates. If these strings should be plotted as numbers, cast to the appropriate data type before plotting.
2025-09-20 14:26:34,661 INFO Using categorical units to plot a list of strings that are all parsable as floats or dates. If these strings should be plotted as numbers, cast to the appropriate data type before plotting.
2025-09-22 14:17:53,784 INFO Run start: src=weather city=Medianeira base=BRL quote=USD days=3
2025-09-22 14:17:55,706 INFO Using categorical units to plot a list of strings that are all parsable as floats or dates. If these strings should be plotted as numbers, cast to the appropriate data type before plotting.
2025-09-22 14:17:55,706 INFO Using categorical units to plot a list of strings that are all parsable as floats or dates. If these strings should be plotted as numbers, cast to the appropriate data type before plotting.
2025-09-22 14:17:57,909 INFO Run start: src=fx city=São Paulo base=BRL quote=USD days=7
2025-09-22 14:17:58,850 INFO Using categorical units to plot a list of strings that are all parsable as floats or dates. If these strings should be plotted as numbers, cast to the appropriate data type before plotting.
2025-09-22 14:17:58,850 INFO Using categorical units to plot a list of strings that are all parsable as floats or dates. If these strings should be plotted as numbers, cast to the appropriate data type before plotting.
2025-09-22 14:18:01,124 INFO Run start: src=aqi city=Medianeira base=BRL quote=USD days=3
2025-09-22 14:18:02,825 INFO Using categorical units to plot a list of strings that are all parsable as floats or dates. If these strings should be plotted as numbers, cast to the appropriate data type before plotting.
2025-09-22 14:18:02,825 INFO Using categorical units to plot a list of strings that are all parsable as floats or dates. If these strings should be plotted as numbers, cast to the appropriate data type before plotting.
2025-09-23 12:22:13,166 INFO Run start: src=weather city=Medianeira base=BRL quote=USD days=3
2025-09-23 12:22:15,084 INFO Using categorical units to plot a list of strings that are all parsable as floats or dates. If these strings should be plotted as numbers, cast to the appropriate data type before plotting.
2025-09-23 12:22:15,085 INFO Using categorical units to plot a list of strings that are all parsable as floats or dates. If these strings should be plotted as numbers, cast to the appropriate data type before plotting.
2025-09-23 12:22:22,123 INFO Run start: src=fx city=São Paulo base=BRL quote=USD days=7
2025-09-23 12:22:23,019 INFO Using categorical units to plot a list of strings that are all parsable as floats or dates. If these strings should be plotted as numbers, cast to the appropriate data type before plotting.
2025-09-23 12:22:23,019 INFO Using categorical units to plot a list of strings that are all parsable as floats or dates. If these strings should be plotted as numbers, cast to the appropriate data type before plotting.
2025-09-23 12:22:26,907 INFO Run start: src=aqi city=Medianeira base=BRL quote=USD days=3
2025-09-23 12:22:28,631 INFO Using categorical units to plot a list of strings that are all parsable as floats or dates. If these strings should be plotted as numbers, cast to the appropriate data type before plotting.
2025-09-23 12:22:28,631 INFO Using categorical units to plot a list of strings that are all parsable as floats or dates. If these strings should be plotted as numbers, cast to the appropriate data type before plotting.
2025-09-24 13:19:38,530 INFO Run start: src=weather city=Medianeira base=BRL quote=USD days=3
2025-09-24 13:19:41,455 INFO Using categorical units to plot a list of strings that are all parsable as floats or dates. If these strings should be plotted as numbers, cast to the appropriate data type before plotting.
2025-09-24 13:19:41,456 INFO Using categorical units to plot a list of strings that are all parsable as floats or dates. If these strings should be plotted as numbers, cast to the appropriate data type before plotting.
2025-09-24 13:19:44,550 INFO Run start: src=fx city=São Paulo base=BRL quote=USD days=7
2025-09-24 13:19:45,700 INFO Using categorical units to plot a list of strings that are all parsable as floats or dates. If these strings should be plotted as numbers, cast to the appropriate data type before plotting.
2025-09-24 13:19:45,700 INFO Using categorical units to plot a list of strings that are all parsable as floats or dates. If these strings should be plotted as numbers, cast to the appropriate data type before plotting.
2025-09-24 13:19:48,431 INFO Run start: src=aqi city=Medianeira base=BRL quote=USD days=3
2025-09-24 13:19:50,923 INFO Using categorical units to plot a list of strings that are all parsable as floats or dates. If these strings should be plotted as numbers, cast to the appropriate data type before plotting.
2025-09-24 13:19:50,923 INFO Using categorical units to plot a list of strings that are all parsable as floats or dates. If these strings should be plotted as numbers, cast to the appropriate data type before plotting.
2025-09-24 13:20:30,441 INFO Run start: src=weather city=Medianeira base=BRL quote=USD days=3
2025-09-24 13:20:30,629 INFO Using categorical units to plot a list of strings that are all parsable as floats or dates. If these strings should be plotted as numbers, cast to the appropriate data type before plotting.
2025-09-24 13:20:30,631 INFO Using categorical units to plot a list of strings that are all parsable as floats or dates. If these strings should be plotted as numbers, cast to the appropriate data type before plotting.
2025-09-26 13:06:34,137 INFO Run start: src=weather city=Medianeira base=BRL quote=USD days=3
2025-09-26 13:06:38,082 INFO Using categorical units to plot a list of strings that are all parsable as floats or dates. If these strings should be plotted as numbers, cast to the appropriate data type before plotting.
2025-09-26 13:06:38,083 INFO Using categorical units to plot a list of strings that are all parsable as floats or dates. If these strings should be plotted as numbers, cast to the appropriate data type before plotting.
2025-09-26 13:06:44,095 INFO Run start: src=fx city=São Paulo base=BRL quote=USD days=7
2025-09-26 13:06:45,206 INFO Using categorical units to plot a list of strings that are all parsable as floats or dates. If these strings should be plotted as numbers, cast to the appropriate data type before plotting.
2025-09-26 13:06:45,206 INFO Using categorical units to plot a list of strings that are all parsable as floats or dates. If these strings should be plotted as numbers, cast to the appropriate data type before plotting.
2025-09-26 13:07:37,864 INFO Run start: src=aqi city=Medianeira base=BRL quote=USD days=3
2025-09-26 13:07:41,146 INFO Using categorical units to plot a list of strings that are all parsable as floats or dates. If these strings should be plotted as numbers, cast to the appropriate data type before plotting.
2025-09-26 13:07:41,146 INFO Using categorical units to plot a list of strings that are all parsable as floats or dates. If these strings should be plotted as numbers, cast to the appropriate data type before plotting.
2025-09-29 16:45:15,252 INFO Run start: src=weather city=Medianeira base=BRL quote=USD days=3
2025-09-29 16:45:18,051 INFO Using categorical units to plot a list of strings that are all parsable as floats or dates. If these strings should be plotted as numbers, cast to the appropriate data type before plotting.
2025-09-29 16:45:18,052 INFO Using categorical units to plot a list of strings that are all parsable as floats or dates. If these strings should be plotted as numbers, cast to the appropriate data type before plotting.
2025-09-29 16:45:20,634 INFO Run start: src=fx city=São Paulo base=BRL quote=USD days=7
2025-09-29 16:45:22,041 INFO Using categorical units to plot a list of strings that are all parsable as floats or dates. If these strings should be plotted as numbers, cast to the appropriate data type before plotting.
2025-09-29 16:45:22,042 INFO Using categorical units to plot a list of strings that are all parsable as floats or dates. If these strings should be plotted as numbers, cast to the appropriate data type before plotting.
2025-09-29 16:45:24,391 INFO Run start: src=aqi city=Medianeira base=BRL quote=USD days=3
2025-09-29 16:45:26,804 INFO Using categorical units to plot a list of strings that are all parsable as floats or dates. If these strings should be plotted as numbers, cast to the appropriate data type before plotting.
2025-09-29 16:45:26,805 INFO Using categorical units to plot a list of strings that are all parsable as floats or dates. If these strings should be plotted as numbers, cast to the appropriate data type before plotting.
2025-09-30 22:08:34,132 INFO Run start: src=weather city=Medianeira base=BRL quote=USD days=3
2025-09-30 22:08:37,166 INFO Using categorical units to plot a list of strings that are all parsable as floats or dates. If these strings should be plotted as numbers, cast to the appropriate data type before plotting.
2025-09-30 22:08:37,166 INFO Using categorical units to plot a list of strings that are all parsable as floats or dates. If these strings should be plotted as numbers, cast to the appropriate data type before plotting.
2025-09-30 22:08:46,869 INFO Run start: src=fx city=São Paulo base=BRL quote=USD days=7
2025-09-30 22:08:47,882 INFO Using categorical units to plot a list of strings that are all parsable as floats or dates. If these strings should be plotted as numbers, cast to the appropriate data type before plotting.
2025-09-30 22:08:47,882 INFO Using categorical units to plot a list of strings that are all parsable as floats or dates. If these strings should be plotted as numbers, cast to the appropriate data type before plotting.
2025-09-30 22:08:50,118 INFO Run start: src=aqi city=Medianeira base=BRL quote=USD days=3
2025-09-30 22:08:51,932 INFO Using categorical units to plot a list of strings that are all parsable as floats or dates. If these strings should be plotted as numbers, cast to the appropriate data type before plotting.
2025-09-30 22:08:51,933 INFO Using categorical units to plot a list of strings that are all parsable as floats or dates. If these strings should be plotted as numbers, cast to the appropriate data type before plotting.
2025-10-01 13:15:58,183 INFO Run start: src=weather city=Medianeira base=BRL quote=USD days=3
2025-10-01 13:16:00,725 INFO Using categorical units to plot a list of strings that are all parsable as floats or dates. If these strings should be plotted as numbers, cast to the appropriate data type before plotting.
2025-10-01 13:16:00,726 INFO Using categorical units to plot a list of strings that are all parsable as floats or dates. If these strings should be plotted as numbers, cast to the appropriate data type before plotting.
2025-10-01 13:16:04,308 INFO Run start: src=fx city=São Paulo base=BRL quote=USD days=7
2025-10-01 13:16:05,689 INFO Using categorical units to plot a list of strings that are all parsable as floats or dates. If these strings should be plotted as numbers, cast to the appropriate data type before plotting.
2025-10-01 13:16:05,690 INFO Using categorical units to plot a list of strings that are all parsable as floats or dates. If these strings should be plotted as numbers, cast to the appropriate data type before plotting.
2025-10-01 13:16:08,416 INFO Run start: src=aqi city=Medianeira base=BRL quote=USD days=3
2025-10-01 13:16:10,966 INFO Using categorical units to plot a list of strings that are all parsable as floats or dates. If these strings should be plotted as numbers, cast to the appropriate data type before plotting.
2025-10-01 13:16:10,967 INFO Using categorical units to plot a list of strings that are all parsable as floats or dates. If these strings should be plotted as numbers, cast to the appropriate data type before plotting.
2025-10-02 15:11:45,293 INFO Run start: src=weather city=Medianeira base=BRL quote=USD days=3
2025-10-02 15:11:47,848 INFO Using categorical units to plot a list of strings that are all parsable as floats or dates. If these strings should be plotted as numbers, cast to the appropriate data type before plotting.
2025-10-02 15:11:47,848 INFO Using categorical units to plot a list of strings that are all parsable as floats or dates. If these strings should be plotted as numbers, cast to the appropriate data type before plotting.
2025-10-02 15:11:50,650 INFO Run start: src=fx city=São Paulo base=BRL quote=USD days=7
2025-10-02 15:12:44,506 INFO Using categorical units to plot a list of strings that are all parsable as floats or dates. If these strings should be plotted as numbers, cast to the appropriate data type before plotting.
2025-10-02 15:12:44,506 INFO Using categorical units to plot a list of strings that are all parsable as floats or dates. If these strings should be plotted as numbers, cast to the appropriate data type before plotting.
2025-10-02 15:13:16,780 INFO Run start: src=aqi city=Medianeira base=BRL quote=USD days=3
2025-10-02 15:13:18,504 INFO Using categorical units to plot a list of strings that are all parsable as floats or dates. If these strings should be plotted as numbers, cast to the appropriate data type before plotting.
2025-10-02 15:13:18,505 INFO Using categorical units to plot a list of strings that are all parsable as floats or dates. If these strings should be plotted as numbers, cast to the appropriate data type before plotting.
2025-10-03 13:49:05,583 INFO Run start: src=weather city=Medianeira base=BRL quote=USD days=3
2025-10-03 13:49:07,620 INFO Using categorical units to plot a list of strings that are all parsable as floats or dates. If these strings should be plotted as numbers, cast to the appropriate data type before plotting.
2025-10-03 13:49:07,621 INFO Using categorical units to plot a list of strings that are all parsable as floats or dates. If these strings should be plotted as numbers, cast to the appropriate data type before plotting.
2025-10-03 13:49:10,823 INFO Run start: src=fx city=São Paulo base=BRL quote=USD days=7
2025-10-03 13:49:11,676 INFO Using categorical units to plot a list of strings that are all parsable as floats or dates. If these strings should be plotted as numbers, cast to the appropriate data type before plotting.
2025-10-03 13:49:11,676 INFO Using categorical units to plot a list of strings that are all parsable as floats or dates. If these strings should be plotted as numbers, cast to the appropriate data type before plotting.
2025-10-03 13:49:17,163 INFO Run start: src=aqi city=Medianeira base=BRL quote=USD days=3
2025-10-03 13:49:18,882 INFO Using categorical units to plot a list of strings that are all parsable as floats or dates. If these strings should be plotted as numbers, cast to the appropriate data type before plotting.
2025-10-03 13:49:18,883 INFO Using categorical units to plot a list of strings that are all parsable as floats or dates. If these strings should be plotted as numbers, cast to the appropriate data type before plotting.
2025-10-04 14:00:35,450 INFO Run start: src=weather city=Medianeira base=BRL quote=USD days=3
2025-10-04 14:00:37,461 INFO Using categorical units to plot a list of strings that are all parsable as floats or dates. If these strings should be plotted as numbers, cast to the appropriate data type before plotting.
2025-10-04 14:00:37,461 INFO Using categorical units to plot a list of strings that are all parsable as floats or dates. If these strings should be plotted as numbers, cast to the appropriate data type before plotting.
2025-10-04 14:00:39,850 INFO Run start: src=fx city=São Paulo base=BRL quote=USD days=7
2025-10-04 14:00:41,096 INFO Using categorical units to plot a list of strings that are all parsable as floats or dates. If these strings should be plotted as numbers, cast to the appropriate data type before plotting.
2025-10-04 14:00:41,097 INFO Using categorical units to plot a list of strings that are all parsable as floats or dates. If these strings should be plotted as numbers, cast to the appropriate data type before plotting.
2025-10-04 14:00:47,519 INFO Run start: src=aqi city=Medianeira base=BRL quote=USD days=3
2025-10-04 14:00:49,267 INFO Using categorical units to plot a list of strings that are all parsable as floats or dates. If these strings should be plotted as numbers, cast to the appropriate data type before plotting.
2025-10-04 14:00:49,267 INFO Using categorical units to plot a list of strings that are all parsable as floats or dates. If these strings should be plotted as numbers, cast to the appropriate data type before plotting.
2025-10-05 22:28:46,169 INFO Run start: src=weather city=Medianeira base=BRL quote=USD days=3
2025-10-05 22:28:48,155 INFO Using categorical units to plot a list of strings that are all parsable as floats or dates. If these strings should be plotted as numbers, cast to the appropriate data type before plotting.
2025-10-05 22:28:48,155 INFO Using categorical units to plot a list of strings that are all parsable as floats or dates. If these strings should be plotted as numbers, cast to the appropriate data type before plotting.
2025-10-05 22:28:50,425 INFO Run start: src=fx city=São Paulo base=BRL quote=USD days=7
2025-10-05 22:28:51,502 INFO Using categorical units to plot a list of strings that are all parsable as floats or dates. If these strings should be plotted as numbers, cast to the appropriate data type before plotting.
2025-10-05 22:28:51,502 INFO Using categorical units to plot a list of strings that are all parsable as floats or dates. If these strings should be plotted as numbers, cast to the appropriate data type before plotting.
2025-10-05 22:28:53,564 INFO Run start: src=aqi city=Medianeira base=BRL quote=USD days=3
2025-10-05 22:28:55,317 INFO Using categorical units to plot a list of strings that are all parsable as floats or dates. If these strings should be plotted as numbers, cast to the appropriate data type before plotting.
2025-10-05 22:28:55,317 INFO Using categorical units to plot a list of strings that are all parsable as floats or dates. If these strings should be plotted as numbers, cast to the appropriate data type before plotting.
2025-10-06 12:24:06,518 INFO Run start: src=weather city=Medianeira base=BRL quote=USD days=3
2025-10-06 12:24:08,410 INFO Using categorical units to plot a list of strings that are all parsable as floats or dates. If these strings should be plotted as numbers, cast to the appropriate data type before plotting.
2025-10-06 12:24:08,411 INFO Using categorical units to plot a list of strings that are all parsable as floats or dates. If these strings should be plotted as numbers, cast to the appropriate data type before plotting.
2025-10-06 12:24:12,036 INFO Run start: src=fx city=São Paulo base=BRL quote=USD days=7
2025-10-06 12:24:14,531 INFO Using categorical units to plot a list of strings that are all parsable as floats or dates. If these strings should be plotted as numbers, cast to the appropriate data type before plotting.
2025-10-06 12:24:14,531 INFO Using categorical units to plot a list of strings that are all parsable as floats or dates. If these strings should be plotted as numbers, cast to the appropriate data type before plotting.
2025-10-06 12:24:17,444 INFO Run start: src=aqi city=Medianeira base=BRL quote=USD days=3
2025-10-06 12:24:19,151 INFO Using categorical units to plot a list of strings that are all parsable as floats or dates. If these strings should be plotted as numbers, cast to the appropriate data type before plotting.
2025-10-06 12:24:19,151 INFO Using categorical units to plot a list of strings that are all parsable as floats or dates. If these strings should be plotted as numbers, cast to the appropriate data type before plotting.
2025-10-07 12:15:17,380 INFO Run start: src=weather city=Medianeira base=BRL quote=USD days=3
2025-10-07 12:15:19,392 INFO Using categorical units to plot a list of strings that are all parsable as floats or dates. If these strings should be plotted as numbers, cast to the appropriate data type before plotting.
2025-10-07 12:15:19,393 INFO Using categorical units to plot a list of strings that are all parsable as floats or dates. If these strings should be plotted as numbers, cast to the appropriate data type before plotting.
2025-10-07 12:15:23,663 INFO Run start: src=fx city=São Paulo base=BRL quote=USD days=7
2025-10-07 12:15:41,047 INFO Using categorical units to plot a list of strings that are all parsable as floats or dates. If these strings should be plotted as numbers, cast to the appropriate data type before plotting.
2025-10-07 12:15:41,047 INFO Using categorical units to plot a list of strings that are all parsable as floats or dates. If these strings should be plotted as numbers, cast to the appropriate data type before plotting.
2025-10-07 12:15:47,498 INFO Run start: src=aqi city=Medianeira base=BRL quote=USD days=3
2025-10-07 12:15:49,300 INFO Using categorical units to plot a list of strings that are all parsable as floats or dates. If these strings should be plotted as numbers, cast to the appropriate data type before plotting.
2025-10-07 12:15:49,300 INFO Using categorical units to plot a list of strings that are all parsable as floats or dates. If these strings should be plotted as numbers, cast to the appropriate data type before plotting.
2025-10-08 14:09:21,812 INFO Run start: src=weather city=Medianeira base=BRL quote=USD days=3
2025-10-08 14:09:24,585 INFO Using categorical units to plot a list of strings that are all parsable as floats or dates. If these strings should be plotted as numbers, cast to the appropriate data type before plotting.
2025-10-08 14:09:24,586 INFO Using categorical units to plot a list of strings that are all parsable as floats or dates. If these strings should be plotted as numbers, cast to the appropriate data type before plotting.
2025-10-08 14:09:28,996 INFO Run start: src=fx city=São Paulo base=BRL quote=USD days=7
2025-10-08 14:09:30,077 INFO Using categorical units to plot a list of strings that are all parsable as floats or dates. If these strings should be plotted as numbers, cast to the appropriate data type before plotting.
2025-10-08 14:09:30,078 INFO Using categorical units to plot a list of strings that are all parsable as floats or dates. If these strings should be plotted as numbers, cast to the appropriate data type before plotting.
2025-10-08 14:09:33,866 INFO Run start: src=aqi city=Medianeira base=BRL quote=USD days=3
2025-10-08 14:09:36,550 INFO Using categorical units to plot a list of strings that are all parsable as floats or dates. If these strings should be plotted as numbers, cast to the appropriate data type before plotting.
2025-10-08 14:09:36,551 INFO Using categorical units to plot a list of strings that are all parsable as floats or dates. If these strings should be plotted as numbers, cast to the appropriate data type before plotting.
